muscle-ai/android/app/build/intermediates/manifest_merge_blame_file/debug/manifest-merger-blame-debug-report.txt
1<?xml version="1.0" encoding="utf-8"?>
2<manifest xmlns:android="http://schemas.android.com/apk/res/android"
3    package="com.anonymous.muscleai"
4    android:versionCode="1"
5    android:versionName="1.0.0" >
6
7    <uses-sdk
8        android:minSdkVersion="23"
9        android:targetSdkVersion="34" />
10
11    <uses-permission android:name="android.permission.SYSTEM_ALERT_WINDOW" />
11-->src\main\AndroidManifest.xml:4:3-75
11-->src\main\AndroidManifest.xml:4:20-73
12    <uses-permission android:name="android.permission.INTERNET" />
12-->src\main\AndroidManifest.xml:2:3-64
12-->src\main\AndroidManifest.xml:2:20-62
13    <uses-permission android:name="android.permission.READ_EXTERNAL_STORAGE" />
13-->src\main\AndroidManifest.xml:3:3-77
13-->src\main\AndroidManifest.xml:3:20-75
14    <uses-permission android:name="android.permission.VIBRATE" />
14-->src\main\AndroidManifest.xml:5:3-63
14-->src\main\AndroidManifest.xml:5:20-61
15    <uses-permission android:name="android.permission.WRITE_EXTERNAL_STORAGE" />
15-->src\main\AndroidManifest.xml:6:3-78
15-->src\main\AndroidManifest.xml:6:20-76
16
17    <queries>
17-->src\main\AndroidManifest.xml:7:3-13:13
18        <intent>
18-->src\main\AndroidManifest.xml:8:5-12:14
19            <action android:name="android.intent.action.VIEW" />
19-->src\main\AndroidManifest.xml:9:7-58
19-->src\main\AndroidManifest.xml:9:15-56
20
21            <category android:name="android.intent.category.BROWSABLE" />
21-->src\main\AndroidManifest.xml:10:7-67
21-->src\main\AndroidManifest.xml:10:17-65
22
23            <data android:scheme="https" />
23-->src\main\AndroidManifest.xml:11:7-37
23-->src\main\AndroidManifest.xml:11:13-35
24        </intent>
25        <!-- Query open documents -->
26        <intent>
26-->[:expo-file-system] AndroidManifest.xml:15:9-17:18
27            <action android:name="android.intent.action.OPEN_DOCUMENT_TREE" />
27-->[:expo-file-system] AndroidManifest.xml:16:13-79
27-->[:expo-file-system] AndroidManifest.xml:16:21-76
28        </intent>
29        <intent>
29-->[:expo-web-browser] AndroidManifest.xml:8:9-12:18
30
31            <!-- Required for opening tabs if targeting API 30 -->
32            <action android:name="android.support.customtabs.action.CustomTabsService" />
32-->[:expo-web-browser] AndroidManifest.xml:11:13-90
32-->[:expo-web-browser] AndroidManifest.xml:11:21-87
33        </intent>
34    </queries>
35
36    <uses-permission android:name="android.permission.USE_BIOMETRIC" /> <!-- suppress DeprecatedClassUsageInspection -->
36-->[androidx.biometric:biometric:1.1.0] AndroidManifest.xml:24:5-72
36-->[androidx.biometric:biometric:1.1.0] AndroidManifest.xml:24:22-69
37    <uses-permission android:name="android.permission.USE_FINGERPRINT" />
37-->[androidx.biometric:biometric:1.1.0] AndroidManifest.xml:27:5-74
37-->[androidx.biometric:biometric:1.1.0] AndroidManifest.xml:27:22-71
38
39    <permission
39-->[androidx.core:core:1.12.0] AndroidManifest.xml:22:5-24:47
40        android:name="com.anonymous.muscleai.DYNAMIC_RECEIVER_NOT_EXPORTED_PERMISSION"
40-->[androidx.core:core:1.12.0] AndroidManifest.xml:23:9-81
41        android:protectionLevel="signature" />
41-->[androidx.core:core:1.12.0] AndroidManifest.xml:24:9-44
42
43    <uses-permission android:name="com.anonymous.muscleai.DYNAMIC_RECEIVER_NOT_EXPORTED_PERMISSION" />
43-->[androidx.core:core:1.12.0] AndroidManifest.xml:26:5-97
43-->[androidx.core:core:1.12.0] AndroidManifest.xml:26:22-94
44    <uses-permission android:name="com.google.android.finsky.permission.BIND_GET_INSTALL_REFERRER_SERVICE" />
44-->[com.android.installreferrer:installreferrer:2.2] AndroidManifest.xml:9:5-110
44-->[com.android.installreferrer:installreferrer:2.2] AndroidManifest.xml:9:22-107
45
46    <application
46-->src\main\AndroidManifest.xml:14:3-31:17
47        android:name="com.anonymous.muscleai.MainApplication"
47-->src\main\AndroidManifest.xml:14:16-47
48        android:allowBackup="true"
48-->src\main\AndroidManifest.xml:14:162-188
49        android:appComponentFactory="androidx.core.app.CoreComponentFactory"
49-->[androidx.core:core:1.12.0] AndroidManifest.xml:28:18-86
50        android:debuggable="true"
51        android:extractNativeLibs="false"
52        android:icon="@mipmap/ic_launcher"
52-->src\main\AndroidManifest.xml:14:81-115
53        android:label="@string/app_name"
53-->src\main\AndroidManifest.xml:14:48-80
54        android:roundIcon="@mipmap/ic_launcher_round"
54-->src\main\AndroidManifest.xml:14:116-161
55        android:theme="@style/AppTheme"
55-->src\main\AndroidManifest.xml:14:189-220
56        android:usesCleartextTraffic="true" >
56-->src\debug\AndroidManifest.xml:6:18-53
57        <meta-data
57-->src\main\AndroidManifest.xml:15:5-83
58            android:name="expo.modules.updates.ENABLED"
58-->src\main\AndroidManifest.xml:15:16-59
59            android:value="false" />
59-->src\main\AndroidManifest.xml:15:60-81
60        <meta-data
60-->src\main\AndroidManifest.xml:16:5-105
61            android:name="expo.modules.updates.EXPO_UPDATES_CHECK_ON_LAUNCH"
61-->src\main\AndroidManifest.xml:16:16-80
62            android:value="ALWAYS" />
62-->src\main\AndroidManifest.xml:16:81-103
63        <meta-data
63-->src\main\AndroidManifest.xml:17:5-99
64            android:name="expo.modules.updates.EXPO_UPDATES_LAUNCH_WAIT_MS"
64-->src\main\AndroidManifest.xml:17:16-79
65            android:value="0" />
65-->src\main\AndroidManifest.xml:17:80-97
66
67        <activity
67-->src\main\AndroidManifest.xml:18:5-29:16
68            android:name="com.anonymous.muscleai.MainActivity"
68-->src\main\AndroidManifest.xml:18:15-43
69            android:configChanges="keyboard|keyboardHidden|orientation|screenSize|screenLayout|uiMode"
69-->src\main\AndroidManifest.xml:18:44-134
70            android:exported="true"
70-->src\main\AndroidManifest.xml:18:256-279
71            android:launchMode="singleTask"
71-->src\main\AndroidManifest.xml:18:135-166
72            android:screenOrientation="portrait"
72-->src\main\AndroidManifest.xml:18:280-316
73            android:theme="@style/Theme.App.SplashScreen"
73-->src\main\AndroidManifest.xml:18:210-255
74            android:windowSoftInputMode="adjustResize" >
74-->src\main\AndroidManifest.xml:18:167-209
75            <intent-filter>
75-->src\main\AndroidManifest.xml:19:7-22:23
76                <action android:name="android.intent.action.MAIN" />
76-->src\main\AndroidManifest.xml:20:9-60
76-->src\main\AndroidManifest.xml:20:17-58
77
78                <category android:name="android.intent.category.LAUNCHER" />
78-->src\main\AndroidManifest.xml:21:9-68
78-->src\main\AndroidManifest.xml:21:19-66
79            </intent-filter>
80            <intent-filter>
80-->src\main\AndroidManifest.xml:23:7-28:23
81                <action android:name="android.intent.action.VIEW" />
81-->src\main\AndroidManifest.xml:9:7-58
81-->src\main\AndroidManifest.xml:9:15-56
82
83                <category android:name="android.intent.category.DEFAULT" />
83-->src\main\AndroidManifest.xml:25:9-67
83-->src\main\AndroidManifest.xml:25:19-65
84                <category android:name="android.intent.category.BROWSABLE" />
84-->src\main\AndroidManifest.xml:10:7-67
84-->src\main\AndroidManifest.xml:10:17-65
85
86                <data android:scheme="com.anonymous.muscleai" />
86-->src\main\AndroidManifest.xml:11:7-37
86-->src\main\AndroidManifest.xml:11:13-35
87            </intent-filter>
88        </activity>
89        <activity
89-->src\main\AndroidManifest.xml:30:5-106
90            android:name="com.facebook.react.devsupport.DevSettingsActivity"
90-->src\main\AndroidManifest.xml:30:15-79
91            android:exported="false" />
91-->src\main\AndroidManifest.xml:30:80-104
92
93        <provider
93-->[:expo-file-system] AndroidManifest.xml:21:9-30:20
94            android:name="expo.modules.filesystem.FileSystemFileProvider"
94-->[:expo-file-system] AndroidManifest.xml:22:13-74
95            android:authorities="com.anonymous.muscleai.FileSystemFileProvider"
95-->[:expo-file-system] AndroidManifest.xml:23:13-74
96            android:exported="false"
96-->[:expo-file-system] AndroidManifest.xml:24:13-37
97            android:grantUriPermissions="true" >
97-->[:expo-file-system] AndroidManifest.xml:25:13-47
98            <meta-data
98-->[:expo-file-system] AndroidManifest.xml:27:13-29:70
99                android:name="android.support.FILE_PROVIDER_PATHS"
99-->[:expo-file-system] AndroidManifest.xml:28:17-67
100                android:resource="@xml/file_system_provider_paths" />
100-->[:expo-file-system] AndroidManifest.xml:29:17-67
101        </provider>
102
103        <meta-data
103-->[:expo-modules-core] AndroidManifest.xml:9:9-11:89
104            android:name="org.unimodules.core.AppLoader#react-native-headless"
104-->[:expo-modules-core] AndroidManifest.xml:10:13-79
105            android:value="expo.modules.adapters.react.apploader.RNHeadlessAppLoader" />
105-->[:expo-modules-core] AndroidManifest.xml:11:13-86
106        <meta-data
106-->[:expo-modules-core] AndroidManifest.xml:12:9-15:45
107            android:name="com.facebook.soloader.enabled"
107-->[:expo-modules-core] AndroidManifest.xml:13:13-57
108            android:value="true" />
108-->[:expo-modules-core] AndroidManifest.xml:14:13-33
109
110        <provider
110-->[androidx.emoji2:emoji2:1.2.0] AndroidManifest.xml:24:9-32:20
111            android:name="androidx.startup.InitializationProvider"
111-->[androidx.emoji2:emoji2:1.2.0] AndroidManifest.xml:25:13-67
112            android:authorities="com.anonymous.muscleai.androidx-startup"
112-->[androidx.emoji2:emoji2:1.2.0] AndroidManifest.xml:26:13-68
113            android:exported="false" >
113-->[androidx.emoji2:emoji2:1.2.0] AndroidManifest.xml:27:13-37
114            <meta-data
114-->[androidx.emoji2:emoji2:1.2.0] AndroidManifest.xml:29:13-31:52
115                android:name="androidx.emoji2.text.EmojiCompatInitializer"
115-->[androidx.emoji2:emoji2:1.2.0] AndroidManifest.xml:30:17-75
116                android:value="androidx.startup" />
116-->[androidx.emoji2:emoji2:1.2.0] AndroidManifest.xml:31:17-49
117            <meta-data
117-->[androidx.lifecycle:lifecycle-process:2.4.1] AndroidManifest.xml:31:13-33:52
118                android:name="androidx.lifecycle.ProcessLifecycleInitializer"
118-->[androidx.lifecycle:lifecycle-process:2.4.1] AndroidManifest.xml:32:17-78
119                android:value="androidx.startup" />
119-->[androidx.lifecycle:lifecycle-process:2.4.1] AndroidManifest.xml:33:17-49
120        </provider>
121    </application>
122
123</manifest>